2023/08/09 19:13:14 [notice] 1#1: using the "epoll" event method
2023/08/09 19:13:14 [notice] 1#1: nginx/1.25.1
2023/08/09 19:13:14 [notice] 1#1: built by gcc 12.2.0 (Debian 12.2.0-14) 
2023/08/09 19:13:14 [notice] 1#1: OS: Linux 5.10.102.1-microsoft-standard-WSL2
2023/08/09 19:13:14 [notice] 1#1: getrlimit(RLIMIT_NOFILE): 1048576:1048576
2023/08/09 19:13:14 [notice] 1#1: start worker processes
2023/08/09 19:13:14 [notice] 1#1: start worker process 28
2023/08/09 19:13:14 [notice] 1#1: start worker process 29
2023/08/09 19:13:14 [notice] 1#1: start worker process 30
2023/08/09 19:13:14 [notice] 1#1: start worker process 31
2023/08/09 19:13:14 [notice] 1#1: start worker process 32
2023/08/09 19:13:14 [notice] 1#1: start worker process 33
2023/08/09 19:13:14 [notice] 1#1: start worker process 34
2023/08/09 19:13:14 [notice] 1#1: start worker process 35
2023/08/09 19:13:14 [notice] 1#1: start worker process 36
2023/08/09 19:13:14 [notice] 1#1: start worker process 37
2023/08/09 19:13:14 [notice] 1#1: start worker process 38
2023/08/09 19:13:14 [notice] 1#1: start worker process 39
2023/08/09 19:13:14 [notice] 1#1: start worker process 40
2023/08/09 19:13:14 [notice] 1#1: start worker process 41
2023/08/09 19:13:14 [notice] 1#1: start worker process 42
2023/08/09 19:13:14 [notice] 1#1: start worker process 43
2023/08/09 19:41:25 [error] 31#31: *15 upstream timed out (110: Connection timed out) while reading response header from upstream, client: 172.27.0.1, server: localhost, request: "GET / HTTP/1.1", upstream: "fastcgi://172.27.0.4:9000", host: "localhost"
2023/08/10 07:57:12 [notice] 1#1: using the "epoll" event method
2023/08/10 07:57:12 [notice] 1#1: nginx/1.25.1
2023/08/10 07:57:12 [notice] 1#1: built by gcc 12.2.0 (Debian 12.2.0-14) 
2023/08/10 07:57:12 [notice] 1#1: OS: Linux 5.10.102.1-microsoft-standard-WSL2
2023/08/10 07:57:12 [notice] 1#1: getrlimit(RLIMIT_NOFILE): 1048576:1048576
2023/08/10 07:57:12 [notice] 1#1: start worker processes
2023/08/10 07:57:12 [notice] 1#1: start worker process 28
2023/08/10 07:57:12 [notice] 1#1: start worker process 29
2023/08/10 07:57:12 [notice] 1#1: start worker process 30
2023/08/10 07:57:12 [notice] 1#1: start worker process 31
2023/08/10 07:57:12 [notice] 1#1: start worker process 32
2023/08/10 07:57:12 [notice] 1#1: start worker process 33
2023/08/10 07:57:12 [notice] 1#1: start worker process 34
2023/08/10 07:57:12 [notice] 1#1: start worker process 35
2023/08/10 07:57:12 [notice] 1#1: start worker process 36
2023/08/10 07:57:12 [notice] 1#1: start worker process 37
2023/08/10 07:57:12 [notice] 1#1: start worker process 38
2023/08/10 07:57:12 [notice] 1#1: start worker process 39
2023/08/10 07:57:12 [notice] 1#1: start worker process 40
2023/08/10 07:57:12 [notice] 1#1: start worker process 41
2023/08/10 07:57:12 [notice] 1#1: start worker process 42
2023/08/10 07:57:12 [notice] 1#1: start worker process 43
2023/08/10 08:02:28 [notice] 1#1: signal 3 (SIGQUIT) received, shutting down
2023/08/10 08:02:28 [notice] 28#28: gracefully shutting down
2023/08/10 08:02:28 [notice] 29#29: gracefully shutting down
2023/08/10 08:02:28 [notice] 30#30: gracefully shutting down
2023/08/10 08:02:28 [notice] 31#31: gracefully shutting down
2023/08/10 08:02:28 [notice] 28#28: exiting
2023/08/10 08:02:28 [notice] 29#29: exiting
2023/08/10 08:02:28 [notice] 37#37: gracefully shutting down
2023/08/10 08:02:28 [notice] 35#35: gracefully shutting down
2023/08/10 08:02:28 [notice] 31#31: exiting
2023/08/10 08:02:28 [notice] 34#34: gracefully shutting down
2023/08/10 08:02:28 [notice] 30#30: exiting
2023/08/10 08:02:28 [notice] 33#33: gracefully shutting down
2023/08/10 08:02:28 [notice] 37#37: exiting
2023/08/10 08:02:28 [notice] 29#29: exit
2023/08/10 08:02:28 [notice] 28#28: exit
2023/08/10 08:02:28 [notice] 31#31: exit
2023/08/10 08:02:28 [notice] 34#34: exiting
2023/08/10 08:02:28 [notice] 35#35: exiting
2023/08/10 08:02:28 [notice] 33#33: exiting
2023/08/10 08:02:28 [notice] 37#37: exit
2023/08/10 08:02:28 [notice] 30#30: exit
2023/08/10 08:02:28 [notice] 35#35: exit
2023/08/10 08:02:28 [notice] 34#34: exit
2023/08/10 08:02:28 [notice] 33#33: exit
2023/08/10 08:02:28 [notice] 32#32: gracefully shutting down
2023/08/10 08:02:28 [notice] 32#32: exiting
2023/08/10 08:02:28 [notice] 32#32: exit
2023/08/10 08:02:28 [notice] 36#36: gracefully shutting down
2023/08/10 08:02:28 [notice] 39#39: gracefully shutting down
2023/08/10 08:02:28 [notice] 38#38: gracefully shutting down
2023/08/10 08:02:28 [notice] 42#42: gracefully shutting down
2023/08/10 08:02:28 [notice] 40#40: gracefully shutting down
2023/08/10 08:02:28 [notice] 36#36: exiting
2023/08/10 08:02:28 [notice] 41#41: gracefully shutting down
2023/08/10 08:02:28 [notice] 39#39: exiting
2023/08/10 08:02:28 [notice] 38#38: exiting
2023/08/10 08:02:28 [notice] 42#42: exiting
2023/08/10 08:02:28 [notice] 40#40: exiting
2023/08/10 08:02:28 [notice] 41#41: exiting
2023/08/10 08:02:28 [notice] 36#36: exit
2023/08/10 08:02:28 [notice] 40#40: exit
2023/08/10 08:02:28 [notice] 42#42: exit
2023/08/10 08:02:28 [notice] 39#39: exit
2023/08/10 08:02:28 [notice] 41#41: exit
2023/08/10 08:02:28 [notice] 43#43: gracefully shutting down
2023/08/10 08:02:28 [notice] 43#43: exiting
2023/08/10 08:02:28 [notice] 38#38: exit
2023/08/10 08:02:28 [notice] 43#43: exit
2023/08/10 08:02:28 [notice] 1#1: signal 17 (SIGCHLD) received from 29
2023/08/10 08:02:28 [notice] 1#1: worker process 29 exited with code 0
2023/08/10 08:02:28 [notice] 1#1: worker process 35 exited with code 0
2023/08/10 08:02:28 [notice] 1#1: signal 29 (SIGIO) received
2023/08/10 08:02:28 [notice] 1#1: signal 17 (SIGCHLD) received from 34
2023/08/10 08:02:28 [notice] 1#1: worker process 34 exited with code 0
2023/08/10 08:02:28 [notice] 1#1: signal 29 (SIGIO) received
2023/08/10 08:02:28 [notice] 1#1: signal 17 (SIGCHLD) received from 28
2023/08/10 08:02:28 [notice] 1#1: worker process 28 exited with code 0
2023/08/10 08:02:28 [notice] 1#1: worker process 31 exited with code 0
2023/08/10 08:02:28 [notice] 1#1: signal 29 (SIGIO) received
2023/08/10 08:02:28 [notice] 1#1: signal 17 (SIGCHLD) received from 31
2023/08/10 08:02:28 [notice] 1#1: worker process 30 exited with code 0
2023/08/10 08:02:28 [notice] 1#1: signal 29 (SIGIO) received
2023/08/10 08:02:28 [notice] 1#1: signal 17 (SIGCHLD) received from 43
2023/08/10 08:02:28 [notice] 1#1: worker process 37 exited with code 0
2023/08/10 08:02:28 [notice] 1#1: worker process 43 exited with code 0
2023/08/10 08:02:28 [notice] 1#1: signal 29 (SIGIO) received
2023/08/10 08:02:28 [notice] 1#1: signal 17 (SIGCHLD) received from 42
2023/08/10 08:02:28 [notice] 1#1: worker process 33 exited with code 0
2023/08/10 08:02:28 [notice] 1#1: worker process 36 exited with code 0
2023/08/10 08:02:28 [notice] 1#1: worker process 38 exited with code 0
2023/08/10 08:02:28 [notice] 1#1: worker process 39 exited with code 0
2023/08/10 08:02:28 [notice] 1#1: worker process 40 exited with code 0
2023/08/10 08:02:28 [notice] 1#1: worker process 41 exited with code 0
2023/08/10 08:02:28 [notice] 1#1: worker process 42 exited with code 0
2023/08/10 08:02:28 [notice] 1#1: signal 29 (SIGIO) received
2023/08/10 08:02:28 [notice] 1#1: signal 17 (SIGCHLD) received from 39
2023/08/10 08:02:28 [notice] 1#1: signal 17 (SIGCHLD) received from 32
2023/08/10 08:02:28 [notice] 1#1: worker process 32 exited with code 0
2023/08/10 08:02:28 [notice] 1#1: exit
2023/08/10 14:16:32 [notice] 1#1: using the "epoll" event method
2023/08/10 14:16:32 [notice] 1#1: nginx/1.25.1
2023/08/10 14:16:32 [notice] 1#1: built by gcc 12.2.0 (Debian 12.2.0-14) 
2023/08/10 14:16:32 [notice] 1#1: OS: Linux 5.10.102.1-microsoft-standard-WSL2
2023/08/10 14:16:32 [notice] 1#1: getrlimit(RLIMIT_NOFILE): 1048576:1048576
2023/08/10 14:16:32 [notice] 1#1: start worker processes
2023/08/10 14:16:32 [notice] 1#1: start worker process 28
2023/08/10 14:16:32 [notice] 1#1: start worker process 29
2023/08/10 14:16:32 [notice] 1#1: start worker process 30
2023/08/10 14:16:32 [notice] 1#1: start worker process 31
2023/08/10 14:16:32 [notice] 1#1: start worker process 32
2023/08/10 14:16:32 [notice] 1#1: start worker process 33
2023/08/10 14:16:32 [notice] 1#1: start worker process 34
2023/08/10 14:16:32 [notice] 1#1: start worker process 35
2023/08/10 14:16:32 [notice] 1#1: start worker process 36
2023/08/10 14:16:32 [notice] 1#1: start worker process 37
2023/08/10 14:16:32 [notice] 1#1: start worker process 38
2023/08/10 14:16:32 [notice] 1#1: start worker process 39
2023/08/10 14:16:32 [notice] 1#1: start worker process 40
2023/08/10 14:16:32 [notice] 1#1: start worker process 41
2023/08/10 14:16:32 [notice] 1#1: start worker process 42
2023/08/10 14:16:32 [notice] 1#1: start worker process 43
2023/08/10 14:21:15 [notice] 1#1: signal 3 (SIGQUIT) received, shutting down
2023/08/10 14:21:15 [notice] 28#28: gracefully shutting down
2023/08/10 14:21:15 [notice] 29#29: gracefully shutting down
2023/08/10 14:21:15 [notice] 28#28: exiting
2023/08/10 14:21:15 [notice] 31#31: gracefully shutting down
2023/08/10 14:21:15 [notice] 29#29: exiting
2023/08/10 14:21:15 [notice] 30#30: gracefully shutting down
2023/08/10 14:21:15 [notice] 32#32: gracefully shutting down
2023/08/10 14:21:15 [notice] 31#31: exiting
2023/08/10 14:21:15 [notice] 29#29: exit
2023/08/10 14:21:15 [notice] 28#28: exit
2023/08/10 14:21:15 [notice] 33#33: gracefully shutting down
2023/08/10 14:21:15 [notice] 30#30: exiting
2023/08/10 14:21:15 [notice] 32#32: exiting
2023/08/10 14:21:15 [notice] 31#31: exit
2023/08/10 14:21:15 [notice] 33#33: exiting
2023/08/10 14:21:15 [notice] 35#35: gracefully shutting down
2023/08/10 14:21:15 [notice] 30#30: exit
2023/08/10 14:21:15 [notice] 32#32: exit
2023/08/10 14:21:15 [notice] 35#35: exiting
2023/08/10 14:21:15 [notice] 34#34: gracefully shutting down
2023/08/10 14:21:15 [notice] 43#43: gracefully shutting down
2023/08/10 14:21:15 [notice] 35#35: exit
2023/08/10 14:21:15 [notice] 36#36: gracefully shutting down
2023/08/10 14:21:15 [notice] 33#33: exit
2023/08/10 14:21:15 [notice] 40#40: gracefully shutting down
2023/08/10 14:21:15 [notice] 34#34: exiting
2023/08/10 14:21:15 [notice] 43#43: exiting
2023/08/10 14:21:15 [notice] 36#36: exiting
2023/08/10 14:21:15 [notice] 40#40: exiting
2023/08/10 14:21:15 [notice] 43#43: exit
2023/08/10 14:21:15 [notice] 36#36: exit
2023/08/10 14:21:15 [notice] 40#40: exit
2023/08/10 14:21:15 [notice] 38#38: gracefully shutting down
2023/08/10 14:21:15 [notice] 34#34: exit
2023/08/10 14:21:15 [notice] 38#38: exiting
2023/08/10 14:21:15 [notice] 38#38: exit
2023/08/10 14:21:15 [notice] 41#41: gracefully shutting down
2023/08/10 14:21:15 [notice] 39#39: gracefully shutting down
2023/08/10 14:21:15 [notice] 37#37: gracefully shutting down
2023/08/10 14:21:15 [notice] 41#41: exiting
2023/08/10 14:21:15 [notice] 42#42: gracefully shutting down
2023/08/10 14:21:15 [notice] 39#39: exiting
2023/08/10 14:21:15 [notice] 37#37: exiting
2023/08/10 14:21:15 [notice] 37#37: exit
2023/08/10 14:21:15 [notice] 39#39: exit
2023/08/10 14:21:15 [notice] 42#42: exiting
2023/08/10 14:21:15 [notice] 41#41: exit
2023/08/10 14:21:15 [notice] 42#42: exit
2023/08/10 14:21:15 [notice] 1#1: signal 17 (SIGCHLD) received from 29
2023/08/10 14:21:15 [notice] 1#1: worker process 29 exited with code 0
2023/08/10 14:21:15 [notice] 1#1: worker process 32 exited with code 0
2023/08/10 14:21:15 [notice] 1#1: signal 29 (SIGIO) received
2023/08/10 14:21:15 [notice] 1#1: signal 17 (SIGCHLD) received from 32
2023/08/10 14:21:15 [notice] 1#1: signal 17 (SIGCHLD) received from 37
2023/08/10 14:21:15 [notice] 1#1: worker process 37 exited with code 0
2023/08/10 14:21:15 [notice] 1#1: signal 29 (SIGIO) received
2023/08/10 14:21:15 [notice] 1#1: signal 17 (SIGCHLD) received from 38
2023/08/10 14:21:15 [notice] 1#1: worker process 34 exited with code 0
2023/08/10 14:21:15 [notice] 1#1: worker process 38 exited with code 0
2023/08/10 14:21:15 [notice] 1#1: signal 29 (SIGIO) received
2023/08/10 14:21:15 [notice] 1#1: signal 17 (SIGCHLD) received from 41
2023/08/10 14:21:15 [notice] 1#1: worker process 28 exited with code 0
2023/08/10 14:21:15 [notice] 1#1: worker process 35 exited with code 0
2023/08/10 14:21:15 [notice] 1#1: worker process 33 exited with code 0
2023/08/10 14:21:15 [notice] 1#1: worker process 36 exited with code 0
2023/08/10 14:21:15 [notice] 1#1: worker process 41 exited with code 0
2023/08/10 14:21:15 [notice] 1#1: signal 29 (SIGIO) received
2023/08/10 14:21:15 [notice] 1#1: signal 17 (SIGCHLD) received from 36
2023/08/10 14:21:15 [notice] 1#1: worker process 31 exited with code 0
2023/08/10 14:21:15 [notice] 1#1: worker process 39 exited with code 0
2023/08/10 14:21:15 [notice] 1#1: signal 29 (SIGIO) received
2023/08/10 14:21:15 [notice] 1#1: signal 17 (SIGCHLD) received from 43
2023/08/10 14:21:15 [notice] 1#1: worker process 40 exited with code 0
2023/08/10 14:21:15 [notice] 1#1: worker process 43 exited with code 0
2023/08/10 14:21:15 [notice] 1#1: signal 29 (SIGIO) received
2023/08/10 14:21:15 [notice] 1#1: signal 17 (SIGCHLD) received from 42
2023/08/10 14:21:15 [notice] 1#1: worker process 30 exited with code 0
2023/08/10 14:21:15 [notice] 1#1: worker process 42 exited with code 0
2023/08/10 14:21:15 [notice] 1#1: exit
2023/08/10 19:43:35 [notice] 1#1: using the "epoll" event method
2023/08/10 19:43:35 [notice] 1#1: nginx/1.25.1
2023/08/10 19:43:35 [notice] 1#1: built by gcc 12.2.0 (Debian 12.2.0-14) 
2023/08/10 19:43:35 [notice] 1#1: OS: Linux 5.10.102.1-microsoft-standard-WSL2
2023/08/10 19:43:35 [notice] 1#1: getrlimit(RLIMIT_NOFILE): 1048576:1048576
2023/08/10 19:43:35 [notice] 1#1: start worker processes
2023/08/10 19:43:35 [notice] 1#1: start worker process 28
2023/08/10 19:43:35 [notice] 1#1: start worker process 29
2023/08/10 19:43:35 [notice] 1#1: start worker process 30
2023/08/10 19:43:35 [notice] 1#1: start worker process 31
2023/08/10 19:43:35 [notice] 1#1: start worker process 32
2023/08/10 19:43:35 [notice] 1#1: start worker process 33
2023/08/10 19:43:35 [notice] 1#1: start worker process 34
2023/08/10 19:43:35 [notice] 1#1: start worker process 35
2023/08/10 19:43:35 [notice] 1#1: start worker process 36
2023/08/10 19:43:35 [notice] 1#1: start worker process 37
2023/08/10 19:43:35 [notice] 1#1: start worker process 38
2023/08/10 19:43:35 [notice] 1#1: start worker process 39
2023/08/10 19:43:35 [notice] 1#1: start worker process 40
2023/08/10 19:43:35 [notice] 1#1: start worker process 41
2023/08/10 19:43:35 [notice] 1#1: start worker process 42
2023/08/10 19:43:35 [notice] 1#1: start worker process 43
2023/08/10 21:10:30 [notice] 1#1: signal 3 (SIGQUIT) received, shutting down
2023/08/10 21:10:30 [notice] 28#28: gracefully shutting down
2023/08/10 21:10:30 [notice] 29#29: gracefully shutting down
2023/08/10 21:10:30 [notice] 29#29: exiting
2023/08/10 21:10:30 [notice] 28#28: exiting
2023/08/10 21:10:30 [notice] 29#29: exit
2023/08/10 21:10:30 [notice] 28#28: exit
2023/08/10 21:10:30 [notice] 33#33: gracefully shutting down
2023/08/10 21:10:30 [notice] 34#34: gracefully shutting down
2023/08/10 21:10:30 [notice] 32#32: gracefully shutting down
2023/08/10 21:10:30 [notice] 31#31: gracefully shutting down
2023/08/10 21:10:30 [notice] 30#30: gracefully shutting down
2023/08/10 21:10:30 [notice] 36#36: gracefully shutting down
2023/08/10 21:10:30 [notice] 35#35: gracefully shutting down
2023/08/10 21:10:30 [notice] 34#34: exiting
2023/08/10 21:10:30 [notice] 32#32: exiting
2023/08/10 21:10:30 [notice] 33#33: exiting
2023/08/10 21:10:30 [notice] 32#32: exit
2023/08/10 21:10:30 [notice] 34#34: exit
2023/08/10 21:10:30 [notice] 33#33: exit
2023/08/10 21:10:30 [notice] 37#37: gracefully shutting down
2023/08/10 21:10:30 [notice] 38#38: gracefully shutting down
2023/08/10 21:10:30 [notice] 36#36: exiting
2023/08/10 21:10:30 [notice] 31#31: exiting
2023/08/10 21:10:30 [notice] 35#35: exiting
2023/08/10 21:10:30 [notice] 42#42: gracefully shutting down
2023/08/10 21:10:30 [notice] 36#36: exit
2023/08/10 21:10:30 [notice] 41#41: gracefully shutting down
2023/08/10 21:10:30 [notice] 31#31: exit
2023/08/10 21:10:30 [notice] 35#35: exit
2023/08/10 21:10:30 [notice] 39#39: gracefully shutting down
2023/08/10 21:10:30 [notice] 37#37: exiting
2023/08/10 21:10:30 [notice] 38#38: exiting
2023/08/10 21:10:30 [notice] 42#42: exiting
2023/08/10 21:10:30 [notice] 37#37: exit
2023/08/10 21:10:30 [notice] 38#38: exit
2023/08/10 21:10:30 [notice] 30#30: exiting
2023/08/10 21:10:30 [notice] 42#42: exit
2023/08/10 21:10:30 [notice] 41#41: exiting
2023/08/10 21:10:30 [notice] 39#39: exiting
2023/08/10 21:10:30 [notice] 41#41: exit
2023/08/10 21:10:30 [notice] 30#30: exit
2023/08/10 21:10:30 [notice] 39#39: exit
2023/08/10 21:10:30 [notice] 40#40: gracefully shutting down
2023/08/10 21:10:30 [notice] 43#43: gracefully shutting down
2023/08/10 21:10:30 [notice] 40#40: exiting
2023/08/10 21:10:30 [notice] 40#40: exit
2023/08/10 21:10:30 [notice] 43#43: exiting
2023/08/10 21:10:30 [notice] 43#43: exit
2023/08/10 21:10:30 [notice] 1#1: signal 17 (SIGCHLD) received from 35
2023/08/10 21:10:30 [notice] 1#1: worker process 35 exited with code 0
2023/08/10 21:10:30 [notice] 1#1: signal 29 (SIGIO) received
2023/08/10 21:10:30 [notice] 1#1: signal 17 (SIGCHLD) received from 33
2023/08/10 21:10:30 [notice] 1#1: worker process 33 exited with code 0
2023/08/10 21:10:30 [notice] 1#1: signal 29 (SIGIO) received
2023/08/10 21:10:30 [notice] 1#1: signal 17 (SIGCHLD) received from 34
2023/08/10 21:10:30 [notice] 1#1: worker process 34 exited with code 0
2023/08/10 21:10:30 [notice] 1#1: signal 29 (SIGIO) received
2023/08/10 21:10:30 [notice] 1#1: signal 17 (SIGCHLD) received from 29
2023/08/10 21:10:30 [notice] 1#1: worker process 28 exited with code 0
2023/08/10 21:10:30 [notice] 1#1: worker process 29 exited with code 0
2023/08/10 21:10:30 [notice] 1#1: signal 29 (SIGIO) received
2023/08/10 21:10:30 [notice] 1#1: signal 17 (SIGCHLD) received from 31
2023/08/10 21:10:30 [notice] 1#1: worker process 31 exited with code 0
2023/08/10 21:10:30 [notice] 1#1: worker process 32 exited with code 0
2023/08/10 21:10:30 [notice] 1#1: worker process 36 exited with code 0
2023/08/10 21:10:30 [notice] 1#1: worker process 37 exited with code 0
2023/08/10 21:10:30 [notice] 1#1: worker process 39 exited with code 0
2023/08/10 21:10:30 [notice] 1#1: worker process 42 exited with code 0
2023/08/10 21:10:30 [notice] 1#1: signal 29 (SIGIO) received
2023/08/10 21:10:30 [notice] 1#1: signal 17 (SIGCHLD) received from 41
2023/08/10 21:10:30 [notice] 1#1: worker process 30 exited with code 0
2023/08/10 21:10:30 [notice] 1#1: worker process 38 exited with code 0
2023/08/10 21:10:30 [notice] 1#1: worker process 41 exited with code 0
2023/08/10 21:10:30 [notice] 1#1: worker process 43 exited with code 0
2023/08/10 21:10:30 [notice] 1#1: signal 29 (SIGIO) received
2023/08/10 21:10:30 [notice] 1#1: signal 17 (SIGCHLD) received from 43
2023/08/10 21:10:30 [notice] 1#1: signal 17 (SIGCHLD) received from 40
2023/08/10 21:10:30 [notice] 1#1: worker process 40 exited with code 0
2023/08/10 21:10:30 [notice] 1#1: exit
2023/08/14 18:12:39 [notice] 1#1: using the "epoll" event method
2023/08/14 18:12:39 [notice] 1#1: nginx/1.25.1
2023/08/14 18:12:39 [notice] 1#1: built by gcc 12.2.0 (Debian 12.2.0-14) 
2023/08/14 18:12:39 [notice] 1#1: OS: Linux 5.10.102.1-microsoft-standard-WSL2
2023/08/14 18:12:39 [notice] 1#1: getrlimit(RLIMIT_NOFILE): 1048576:1048576
2023/08/14 18:12:39 [notice] 1#1: start worker processes
2023/08/14 18:12:39 [notice] 1#1: start worker process 29
2023/08/14 18:12:39 [notice] 1#1: start worker process 30
2023/08/14 18:12:39 [notice] 1#1: start worker process 31
2023/08/14 18:12:39 [notice] 1#1: start worker process 32
2023/08/14 18:12:39 [notice] 1#1: start worker process 33
2023/08/14 18:12:39 [notice] 1#1: start worker process 34
2023/08/14 18:12:39 [notice] 1#1: start worker process 35
2023/08/14 18:12:39 [notice] 1#1: start worker process 36
2023/08/14 18:12:39 [notice] 1#1: start worker process 37
2023/08/14 18:12:39 [notice] 1#1: start worker process 38
2023/08/14 18:12:39 [notice] 1#1: start worker process 39
2023/08/14 18:12:39 [notice] 1#1: start worker process 40
2023/08/14 18:12:39 [notice] 1#1: start worker process 41
2023/08/14 18:12:39 [notice] 1#1: start worker process 42
2023/08/14 18:12:39 [notice] 1#1: start worker process 43
2023/08/14 18:12:39 [notice] 1#1: start worker process 44
2023/08/15 08:07:41 [notice] 1#1: using the "epoll" event method
2023/08/15 08:07:41 [notice] 1#1: nginx/1.25.1
2023/08/15 08:07:41 [notice] 1#1: built by gcc 12.2.0 (Debian 12.2.0-14) 
2023/08/15 08:07:41 [notice] 1#1: OS: Linux 5.10.102.1-microsoft-standard-WSL2
2023/08/15 08:07:41 [notice] 1#1: getrlimit(RLIMIT_NOFILE): 1048576:1048576
2023/08/15 08:07:41 [notice] 1#1: start worker processes
2023/08/15 08:07:41 [notice] 1#1: start worker process 28
2023/08/15 08:07:41 [notice] 1#1: start worker process 29
2023/08/15 08:07:41 [notice] 1#1: start worker process 30
2023/08/15 08:07:41 [notice] 1#1: start worker process 31
2023/08/15 08:07:41 [notice] 1#1: start worker process 32
2023/08/15 08:07:41 [notice] 1#1: start worker process 33
2023/08/15 08:07:41 [notice] 1#1: start worker process 34
2023/08/15 08:07:41 [notice] 1#1: start worker process 35
2023/08/15 08:07:41 [notice] 1#1: start worker process 36
2023/08/15 08:07:41 [notice] 1#1: start worker process 37
2023/08/15 08:07:41 [notice] 1#1: start worker process 38
2023/08/15 08:07:41 [notice] 1#1: start worker process 39
2023/08/15 08:07:41 [notice] 1#1: start worker process 40
2023/08/15 08:07:41 [notice] 1#1: start worker process 41
2023/08/15 08:07:41 [notice] 1#1: start worker process 42
2023/08/15 08:07:41 [notice] 1#1: start worker process 43
2023/08/15 08:09:28 [notice] 1#1: signal 3 (SIGQUIT) received, shutting down
2023/08/15 08:09:28 [notice] 28#28: gracefully shutting down
2023/08/15 08:09:28 [notice] 28#28: exiting
2023/08/15 08:09:28 [notice] 29#29: gracefully shutting down
2023/08/15 08:09:28 [notice] 32#32: gracefully shutting down
2023/08/15 08:09:28 [notice] 31#31: gracefully shutting down
2023/08/15 08:09:28 [notice] 30#30: gracefully shutting down
2023/08/15 08:09:28 [notice] 31#31: exiting
2023/08/15 08:09:28 [notice] 32#32: exiting
2023/08/15 08:09:28 [notice] 30#30: exiting
2023/08/15 08:09:28 [notice] 35#35: gracefully shutting down
2023/08/15 08:09:28 [notice] 34#34: gracefully shutting down
2023/08/15 08:09:28 [notice] 35#35: exiting
2023/08/15 08:09:28 [notice] 32#32: exit
2023/08/15 08:09:28 [notice] 31#31: exit
2023/08/15 08:09:28 [notice] 34#34: exiting
2023/08/15 08:09:28 [notice] 28#28: exit
2023/08/15 08:09:28 [notice] 35#35: exit
2023/08/15 08:09:28 [notice] 30#30: exit
2023/08/15 08:09:28 [notice] 37#37: gracefully shutting down
2023/08/15 08:09:28 [notice] 33#33: gracefully shutting down
2023/08/15 08:09:28 [notice] 41#41: gracefully shutting down
2023/08/15 08:09:28 [notice] 34#34: exit
2023/08/15 08:09:28 [notice] 37#37: exiting
2023/08/15 08:09:28 [notice] 38#38: gracefully shutting down
2023/08/15 08:09:28 [notice] 39#39: gracefully shutting down
2023/08/15 08:09:28 [notice] 41#41: exiting
2023/08/15 08:09:28 [notice] 38#38: exiting
2023/08/15 08:09:28 [notice] 37#37: exit
2023/08/15 08:09:28 [notice] 43#43: gracefully shutting down
2023/08/15 08:09:28 [notice] 33#33: exiting
2023/08/15 08:09:28 [notice] 41#41: exit
2023/08/15 08:09:28 [notice] 33#33: exit
2023/08/15 08:09:28 [notice] 29#29: exiting
2023/08/15 08:09:28 [notice] 36#36: gracefully shutting down
2023/08/15 08:09:28 [notice] 29#29: exit
2023/08/15 08:09:28 [notice] 43#43: exiting
2023/08/15 08:09:28 [notice] 43#43: exit
2023/08/15 08:09:28 [notice] 38#38: exit
2023/08/15 08:09:28 [notice] 39#39: exiting
2023/08/15 08:09:28 [notice] 39#39: exit
2023/08/15 08:09:28 [notice] 36#36: exiting
2023/08/15 08:09:28 [notice] 40#40: gracefully shutting down
2023/08/15 08:09:28 [notice] 40#40: exiting
2023/08/15 08:09:28 [notice] 36#36: exit
2023/08/15 08:09:28 [notice] 40#40: exit
2023/08/15 08:09:28 [notice] 42#42: gracefully shutting down
2023/08/15 08:09:28 [notice] 42#42: exiting
2023/08/15 08:09:28 [notice] 42#42: exit
2023/08/15 08:09:29 [notice] 1#1: signal 17 (SIGCHLD) received from 41
2023/08/15 08:09:29 [notice] 1#1: worker process 31 exited with code 0
2023/08/15 08:09:29 [notice] 1#1: worker process 29 exited with code 0
2023/08/15 08:09:29 [notice] 1#1: worker process 34 exited with code 0
2023/08/15 08:09:29 [notice] 1#1: worker process 40 exited with code 0
2023/08/15 08:09:29 [notice] 1#1: worker process 36 exited with code 0
2023/08/15 08:09:29 [notice] 1#1: worker process 35 exited with code 0
2023/08/15 08:09:29 [notice] 1#1: worker process 41 exited with code 0
2023/08/15 08:09:29 [notice] 1#1: worker process 42 exited with code 0
2023/08/15 08:09:29 [notice] 1#1: signal 29 (SIGIO) received
2023/08/15 08:09:29 [notice] 1#1: signal 17 (SIGCHLD) received from 31
2023/08/15 08:09:29 [notice] 1#1: signal 17 (SIGCHLD) received from 28
2023/08/15 08:09:29 [notice] 1#1: worker process 28 exited with code 0
2023/08/15 08:09:29 [notice] 1#1: signal 29 (SIGIO) received
2023/08/15 08:09:29 [notice] 1#1: signal 17 (SIGCHLD) received from 33
2023/08/15 08:09:29 [notice] 1#1: worker process 33 exited with code 0
2023/08/15 08:09:29 [notice] 1#1: signal 29 (SIGIO) received
2023/08/15 08:09:29 [notice] 1#1: signal 17 (SIGCHLD) received from 32
2023/08/15 08:09:29 [notice] 1#1: worker process 30 exited with code 0
2023/08/15 08:09:29 [notice] 1#1: worker process 32 exited with code 0
2023/08/15 08:09:29 [notice] 1#1: worker process 43 exited with code 0
2023/08/15 08:09:29 [notice] 1#1: signal 29 (SIGIO) received
2023/08/15 08:09:29 [notice] 1#1: signal 17 (SIGCHLD) received from 38
2023/08/15 08:09:29 [notice] 1#1: worker process 37 exited with code 0
2023/08/15 08:09:29 [notice] 1#1: worker process 38 exited with code 0
2023/08/15 08:09:29 [notice] 1#1: signal 29 (SIGIO) received
2023/08/15 08:09:29 [notice] 1#1: signal 17 (SIGCHLD) received from 39
2023/08/15 08:09:29 [notice] 1#1: worker process 39 exited with code 0
2023/08/15 08:09:29 [notice] 1#1: exit
2023/08/16 12:47:11 [notice] 1#1: using the "epoll" event method
2023/08/16 12:47:11 [notice] 1#1: nginx/1.25.1
2023/08/16 12:47:11 [notice] 1#1: built by gcc 12.2.0 (Debian 12.2.0-14) 
2023/08/16 12:47:11 [notice] 1#1: OS: Linux 5.10.102.1-microsoft-standard-WSL2
2023/08/16 12:47:11 [notice] 1#1: getrlimit(RLIMIT_NOFILE): 1048576:1048576
2023/08/16 12:47:11 [notice] 1#1: start worker processes
2023/08/16 12:47:11 [notice] 1#1: start worker process 28
2023/08/16 12:47:11 [notice] 1#1: start worker process 29
2023/08/16 12:47:11 [notice] 1#1: start worker process 30
2023/08/16 12:47:11 [notice] 1#1: start worker process 31
2023/08/16 12:47:11 [notice] 1#1: start worker process 32
2023/08/16 12:47:11 [notice] 1#1: start worker process 33
2023/08/16 12:47:11 [notice] 1#1: start worker process 34
2023/08/16 12:47:11 [notice] 1#1: start worker process 35
2023/08/16 12:47:11 [notice] 1#1: start worker process 36
2023/08/16 12:47:11 [notice] 1#1: start worker process 37
2023/08/16 12:47:11 [notice] 1#1: start worker process 38
2023/08/16 12:47:11 [notice] 1#1: start worker process 39
2023/08/16 12:47:11 [notice] 1#1: start worker process 40
2023/08/16 12:47:11 [notice] 1#1: start worker process 41
2023/08/16 12:47:11 [notice] 1#1: start worker process 42
2023/08/16 12:47:11 [notice] 1#1: start worker process 43
2023/08/17 07:51:46 [notice] 1#1: using the "epoll" event method
2023/08/17 07:51:46 [notice] 1#1: nginx/1.25.1
2023/08/17 07:51:46 [notice] 1#1: built by gcc 12.2.0 (Debian 12.2.0-14) 
2023/08/17 07:51:46 [notice] 1#1: OS: Linux 5.10.102.1-microsoft-standard-WSL2
2023/08/17 07:51:46 [notice] 1#1: getrlimit(RLIMIT_NOFILE): 1048576:1048576
2023/08/17 07:51:46 [notice] 1#1: start worker processes
2023/08/17 07:51:46 [notice] 1#1: start worker process 28
2023/08/17 07:51:46 [notice] 1#1: start worker process 29
2023/08/17 07:51:46 [notice] 1#1: start worker process 30
2023/08/17 07:51:46 [notice] 1#1: start worker process 31
2023/08/17 07:51:46 [notice] 1#1: start worker process 32
2023/08/17 07:51:46 [notice] 1#1: start worker process 33
2023/08/17 07:51:46 [notice] 1#1: start worker process 34
2023/08/17 07:51:46 [notice] 1#1: start worker process 35
2023/08/17 07:51:46 [notice] 1#1: start worker process 36
2023/08/17 07:51:46 [notice] 1#1: start worker process 37
2023/08/17 07:51:46 [notice] 1#1: start worker process 38
2023/08/17 07:51:46 [notice] 1#1: start worker process 39
2023/08/17 07:51:46 [notice] 1#1: start worker process 40
2023/08/17 07:51:46 [notice] 1#1: start worker process 41
2023/08/17 07:51:46 [notice] 1#1: start worker process 42
2023/08/17 07:51:46 [notice] 1#1: start worker process 43
2023/08/17 07:55:03 [notice] 1#1: signal 3 (SIGQUIT) received, shutting down
2023/08/17 07:55:03 [notice] 28#28: gracefully shutting down
2023/08/17 07:55:03 [notice] 30#30: gracefully shutting down
2023/08/17 07:55:03 [notice] 29#29: gracefully shutting down
2023/08/17 07:55:03 [notice] 28#28: exiting
2023/08/17 07:55:03 [notice] 32#32: gracefully shutting down
2023/08/17 07:55:03 [notice] 31#31: gracefully shutting down
2023/08/17 07:55:03 [notice] 30#30: exiting
2023/08/17 07:55:03 [notice] 29#29: exiting
2023/08/17 07:55:03 [notice] 31#31: exiting
2023/08/17 07:55:03 [notice] 28#28: exit
2023/08/17 07:55:03 [notice] 33#33: gracefully shutting down
2023/08/17 07:55:03 [notice] 30#30: exit
2023/08/17 07:55:03 [notice] 41#41: gracefully shutting down
2023/08/17 07:55:03 [notice] 29#29: exit
2023/08/17 07:55:03 [notice] 31#31: exit
2023/08/17 07:55:03 [notice] 34#34: gracefully shutting down
2023/08/17 07:55:03 [notice] 32#32: exiting
2023/08/17 07:55:03 [notice] 41#41: exiting
2023/08/17 07:55:03 [notice] 37#37: gracefully shutting down
2023/08/17 07:55:03 [notice] 33#33: exiting
2023/08/17 07:55:03 [notice] 34#34: exiting
2023/08/17 07:55:03 [notice] 37#37: exiting
2023/08/17 07:55:03 [notice] 32#32: exit
2023/08/17 07:55:03 [notice] 41#41: exit
2023/08/17 07:55:03 [notice] 34#34: exit
2023/08/17 07:55:03 [notice] 33#33: exit
2023/08/17 07:55:03 [notice] 37#37: exit
2023/08/17 07:55:03 [notice] 35#35: gracefully shutting down
2023/08/17 07:55:03 [notice] 35#35: exiting
2023/08/17 07:55:03 [notice] 35#35: exit
2023/08/17 07:55:03 [notice] 36#36: gracefully shutting down
2023/08/17 07:55:03 [notice] 39#39: gracefully shutting down
2023/08/17 07:55:03 [notice] 39#39: exiting
2023/08/17 07:55:03 [notice] 36#36: exiting
2023/08/17 07:55:03 [notice] 39#39: exit
2023/08/17 07:55:03 [notice] 36#36: exit
2023/08/17 07:55:03 [notice] 38#38: gracefully shutting down
2023/08/17 07:55:03 [notice] 40#40: gracefully shutting down
2023/08/17 07:55:03 [notice] 38#38: exiting
2023/08/17 07:55:03 [notice] 40#40: exiting
2023/08/17 07:55:03 [notice] 38#38: exit
2023/08/17 07:55:03 [notice] 40#40: exit
2023/08/17 07:55:03 [notice] 42#42: gracefully shutting down
2023/08/17 07:55:03 [notice] 42#42: exiting
2023/08/17 07:55:03 [notice] 42#42: exit
2023/08/17 07:55:03 [notice] 43#43: gracefully shutting down
2023/08/17 07:55:03 [notice] 43#43: exiting
2023/08/17 07:55:03 [notice] 43#43: exit
2023/08/17 07:55:03 [notice] 1#1: signal 17 (SIGCHLD) received from 34
2023/08/17 07:55:03 [notice] 1#1: worker process 34 exited with code 0
2023/08/17 07:55:03 [notice] 1#1: signal 29 (SIGIO) received
2023/08/17 07:55:03 [notice] 1#1: signal 17 (SIGCHLD) received from 32
2023/08/17 07:55:03 [notice] 1#1: worker process 32 exited with code 0
2023/08/17 07:55:03 [notice] 1#1: signal 29 (SIGIO) received
2023/08/17 07:55:03 [notice] 1#1: signal 17 (SIGCHLD) received from 41
2023/08/17 07:55:03 [notice] 1#1: worker process 41 exited with code 0
2023/08/17 07:55:03 [notice] 1#1: worker process 37 exited with code 0
2023/08/17 07:55:03 [notice] 1#1: signal 29 (SIGIO) received
2023/08/17 07:55:03 [notice] 1#1: signal 17 (SIGCHLD) received from 37
2023/08/17 07:55:03 [notice] 1#1: worker process 39 exited with code 0
2023/08/17 07:55:03 [notice] 1#1: worker process 40 exited with code 0
2023/08/17 07:55:03 [notice] 1#1: signal 29 (SIGIO) received
2023/08/17 07:55:03 [notice] 1#1: signal 17 (SIGCHLD) received from 35
2023/08/17 07:55:03 [notice] 1#1: worker process 35 exited with code 0
2023/08/17 07:55:03 [notice] 1#1: signal 29 (SIGIO) received
2023/08/17 07:55:03 [notice] 1#1: signal 17 (SIGCHLD) received from 42
2023/08/17 07:55:03 [notice] 1#1: worker process 42 exited with code 0
2023/08/17 07:55:03 [notice] 1#1: signal 29 (SIGIO) received
2023/08/17 07:55:03 [notice] 1#1: signal 17 (SIGCHLD) received from 29
2023/08/17 07:55:03 [notice] 1#1: worker process 28 exited with code 0
2023/08/17 07:55:03 [notice] 1#1: worker process 29 exited with code 0
2023/08/17 07:55:03 [notice] 1#1: worker process 33 exited with code 0
2023/08/17 07:55:03 [notice] 1#1: signal 29 (SIGIO) received
2023/08/17 07:55:03 [notice] 1#1: signal 17 (SIGCHLD) received from 38
2023/08/17 07:55:03 [notice] 1#1: worker process 30 exited with code 0
2023/08/17 07:55:03 [notice] 1#1: worker process 38 exited with code 0
2023/08/17 07:55:03 [notice] 1#1: worker process 43 exited with code 0
2023/08/17 07:55:03 [notice] 1#1: signal 29 (SIGIO) received
2023/08/17 07:55:03 [notice] 1#1: signal 17 (SIGCHLD) received from 36
2023/08/17 07:55:03 [notice] 1#1: worker process 36 exited with code 0
2023/08/17 07:55:03 [notice] 1#1: signal 29 (SIGIO) received
2023/08/17 07:55:03 [notice] 1#1: signal 17 (SIGCHLD) received from 31
2023/08/17 07:55:03 [notice] 1#1: worker process 31 exited with code 0
2023/08/17 07:55:03 [notice] 1#1: exit
2023/08/17 12:03:55 [notice] 1#1: using the "epoll" event method
2023/08/17 12:03:55 [notice] 1#1: nginx/1.25.1
2023/08/17 12:03:55 [notice] 1#1: built by gcc 12.2.0 (Debian 12.2.0-14) 
2023/08/17 12:03:55 [notice] 1#1: OS: Linux 5.10.102.1-microsoft-standard-WSL2
2023/08/17 12:03:55 [notice] 1#1: getrlimit(RLIMIT_NOFILE): 1048576:1048576
2023/08/17 12:03:55 [notice] 1#1: start worker processes
2023/08/17 12:03:55 [notice] 1#1: start worker process 28
2023/08/17 12:03:55 [notice] 1#1: start worker process 29
2023/08/17 12:03:55 [notice] 1#1: start worker process 30
2023/08/17 12:03:55 [notice] 1#1: start worker process 31
2023/08/17 12:03:55 [notice] 1#1: start worker process 32
2023/08/17 12:03:55 [notice] 1#1: start worker process 33
2023/08/17 12:03:55 [notice] 1#1: start worker process 34
2023/08/17 12:03:55 [notice] 1#1: start worker process 35
2023/08/17 12:03:55 [notice] 1#1: start worker process 36
2023/08/17 12:03:55 [notice] 1#1: start worker process 37
2023/08/17 12:03:55 [notice] 1#1: start worker process 38
2023/08/17 12:03:55 [notice] 1#1: start worker process 39
2023/08/17 12:03:55 [notice] 1#1: start worker process 40
2023/08/17 12:03:55 [notice] 1#1: start worker process 41
2023/08/17 12:03:55 [notice] 1#1: start worker process 42
2023/08/17 12:03:55 [notice] 1#1: start worker process 43
2023/08/18 08:29:25 [notice] 1#1: using the "epoll" event method
2023/08/18 08:29:25 [notice] 1#1: nginx/1.25.1
2023/08/18 08:29:25 [notice] 1#1: built by gcc 12.2.0 (Debian 12.2.0-14) 
2023/08/18 08:29:25 [notice] 1#1: OS: Linux 5.10.102.1-microsoft-standard-WSL2
2023/08/18 08:29:25 [notice] 1#1: getrlimit(RLIMIT_NOFILE): 1048576:1048576
2023/08/18 08:29:25 [notice] 1#1: start worker processes
2023/08/18 08:29:25 [notice] 1#1: start worker process 27
2023/08/18 08:29:25 [notice] 1#1: start worker process 28
2023/08/18 08:29:25 [notice] 1#1: start worker process 29
2023/08/18 08:29:25 [notice] 1#1: start worker process 30
2023/08/18 08:29:25 [notice] 1#1: start worker process 31
2023/08/18 08:29:25 [notice] 1#1: start worker process 32
2023/08/18 08:29:25 [notice] 1#1: start worker process 33
2023/08/18 08:29:25 [notice] 1#1: start worker process 34
2023/08/18 08:29:25 [notice] 1#1: start worker process 35
2023/08/18 08:29:25 [notice] 1#1: start worker process 36
2023/08/18 08:29:25 [notice] 1#1: start worker process 37
2023/08/18 08:29:25 [notice] 1#1: start worker process 38
2023/08/18 08:29:25 [notice] 1#1: start worker process 39
2023/08/18 08:29:25 [notice] 1#1: start worker process 40
2023/08/18 08:29:25 [notice] 1#1: start worker process 41
2023/08/18 08:29:25 [notice] 1#1: start worker process 42
2023/08/19 13:38:45 [notice] 1#1: using the "epoll" event method
2023/08/19 13:38:45 [notice] 1#1: nginx/1.25.1
2023/08/19 13:38:45 [notice] 1#1: built by gcc 12.2.0 (Debian 12.2.0-14) 
2023/08/19 13:38:45 [notice] 1#1: OS: Linux 5.10.102.1-microsoft-standard-WSL2
2023/08/19 13:38:45 [notice] 1#1: getrlimit(RLIMIT_NOFILE): 1048576:1048576
2023/08/19 13:38:45 [notice] 1#1: start worker processes
2023/08/19 13:38:45 [notice] 1#1: start worker process 28
2023/08/19 13:38:45 [notice] 1#1: start worker process 29
2023/08/19 13:38:45 [notice] 1#1: start worker process 30
2023/08/19 13:38:45 [notice] 1#1: start worker process 31
2023/08/19 13:38:45 [notice] 1#1: start worker process 32
2023/08/19 13:38:45 [notice] 1#1: start worker process 33
2023/08/19 13:38:45 [notice] 1#1: start worker process 34
2023/08/19 13:38:45 [notice] 1#1: start worker process 35
2023/08/19 13:38:45 [notice] 1#1: start worker process 36
2023/08/19 13:38:45 [notice] 1#1: start worker process 37
2023/08/19 13:38:45 [notice] 1#1: start worker process 38
2023/08/19 13:38:45 [notice] 1#1: start worker process 39
2023/08/19 13:38:45 [notice] 1#1: start worker process 40
2023/08/19 13:38:45 [notice] 1#1: start worker process 41
2023/08/19 13:38:45 [notice] 1#1: start worker process 42
2023/08/19 13:38:45 [notice] 1#1: start worker process 43
2023/08/21 09:16:59 [notice] 1#1: using the "epoll" event method
2023/08/21 09:16:59 [notice] 1#1: nginx/1.25.1
2023/08/21 09:16:59 [notice] 1#1: built by gcc 12.2.0 (Debian 12.2.0-14) 
2023/08/21 09:16:59 [notice] 1#1: OS: Linux 5.10.102.1-microsoft-standard-WSL2
2023/08/21 09:16:59 [notice] 1#1: getrlimit(RLIMIT_NOFILE): 1048576:1048576
2023/08/21 09:16:59 [notice] 1#1: start worker processes
2023/08/21 09:16:59 [notice] 1#1: start worker process 28
2023/08/21 09:16:59 [notice] 1#1: start worker process 29
2023/08/21 09:16:59 [notice] 1#1: start worker process 30
2023/08/21 09:16:59 [notice] 1#1: start worker process 31
2023/08/21 09:16:59 [notice] 1#1: start worker process 32
2023/08/21 09:16:59 [notice] 1#1: start worker process 33
2023/08/21 09:16:59 [notice] 1#1: start worker process 34
2023/08/21 09:16:59 [notice] 1#1: start worker process 35
2023/08/21 09:16:59 [notice] 1#1: start worker process 36
2023/08/21 09:16:59 [notice] 1#1: start worker process 37
2023/08/21 09:16:59 [notice] 1#1: start worker process 38
2023/08/21 09:16:59 [notice] 1#1: start worker process 39
2023/08/21 09:16:59 [notice] 1#1: start worker process 40
2023/08/21 09:16:59 [notice] 1#1: start worker process 41
2023/08/21 09:16:59 [notice] 1#1: start worker process 42
2023/08/21 09:16:59 [notice] 1#1: start worker process 43
2023/08/21 09:30:40 [notice] 33#33: signal 15 (SIGTERM) received, exiting
2023/08/21 09:30:40 [notice] 33#33: exiting
2023/08/21 09:30:40 [notice] 33#33: exit
2023/08/21 09:30:40 [notice] 36#36: signal 15 (SIGTERM) received, exiting
2023/08/21 09:30:40 [notice] 36#36: exiting
2023/08/21 09:30:40 [notice] 36#36: exit
2023/08/21 09:30:40 [notice] 39#39: signal 15 (SIGTERM) received, exiting
2023/08/21 09:30:40 [notice] 39#39: exiting
2023/08/21 09:30:40 [notice] 39#39: exit
2023/08/21 09:30:40 [notice] 31#31: signal 15 (SIGTERM) received, exiting
2023/08/21 09:30:40 [notice] 31#31: exiting
2023/08/21 09:30:40 [notice] 31#31: exit
2023/08/21 09:30:40 [notice] 34#34: signal 15 (SIGTERM) received, exiting
2023/08/21 09:30:40 [notice] 34#34: exiting
2023/08/21 09:30:40 [notice] 34#34: exit
2023/08/21 09:30:40 [notice] 29#29: signal 15 (SIGTERM) received, exiting
2023/08/21 09:30:40 [notice] 29#29: exiting
2023/08/21 09:30:40 [notice] 29#29: exit
2023/08/21 09:30:40 [notice] 38#38: signal 15 (SIGTERM) received, exiting
2023/08/21 09:30:40 [notice] 38#38: exiting
2023/08/21 09:30:40 [notice] 35#35: signal 15 (SIGTERM) received, exiting
2023/08/21 09:30:40 [notice] 35#35: exiting
2023/08/21 09:30:40 [notice] 35#35: exit
2023/08/21 09:30:40 [notice] 1#1: signal 15 (SIGTERM) received, exiting
2023/08/21 09:30:40 [notice] 28#28: signal 15 (SIGTERM) received, exiting
2023/08/21 09:30:40 [notice] 28#28: exiting
2023/08/21 09:30:40 [notice] 41#41: signal 15 (SIGTERM) received, exiting
2023/08/21 09:30:40 [notice] 41#41: exiting
2023/08/21 09:30:40 [notice] 28#28: exit
2023/08/21 09:30:40 [notice] 41#41: exit
2023/08/21 09:30:40 [notice] 30#30: signal 15 (SIGTERM) received, exiting
2023/08/21 09:30:40 [notice] 30#30: exiting
2023/08/21 09:30:40 [notice] 30#30: exit
2023/08/21 09:30:40 [notice] 37#37: signal 15 (SIGTERM) received, exiting
2023/08/21 09:30:40 [notice] 37#37: exiting
2023/08/21 09:30:40 [notice] 37#37: exit
2023/08/21 09:30:40 [notice] 40#40: signal 15 (SIGTERM) received, exiting
2023/08/21 09:30:40 [notice] 40#40: exiting
2023/08/21 09:30:40 [notice] 40#40: exit
2023/08/21 09:30:40 [notice] 38#38: exit
2023/08/21 09:30:40 [notice] 42#42: signal 15 (SIGTERM) received, exiting
2023/08/21 09:30:40 [notice] 42#42: exiting
2023/08/21 09:30:40 [notice] 42#42: exit
2023/08/21 09:30:40 [notice] 43#43: signal 15 (SIGTERM) received, exiting
2023/08/21 09:30:40 [notice] 43#43: exiting
2023/08/21 09:30:40 [notice] 43#43: exit
2023/08/21 09:30:40 [notice] 32#32: signal 15 (SIGTERM) received, exiting
2023/08/21 09:30:40 [notice] 32#32: exiting
2023/08/21 09:30:40 [notice] 32#32: exit
2023/08/21 09:30:40 [notice] 1#1: signal 14 (SIGALRM) received
2023/08/22 08:51:56 [notice] 1#1: using the "epoll" event method
2023/08/22 08:51:56 [notice] 1#1: nginx/1.25.1
2023/08/22 08:51:56 [notice] 1#1: built by gcc 12.2.0 (Debian 12.2.0-14) 
2023/08/22 08:51:56 [notice] 1#1: OS: Linux 5.10.102.1-microsoft-standard-WSL2
2023/08/22 08:51:56 [notice] 1#1: getrlimit(RLIMIT_NOFILE): 1048576:1048576
2023/08/22 08:51:56 [notice] 1#1: start worker processes
2023/08/22 08:51:56 [notice] 1#1: start worker process 28
2023/08/22 08:51:56 [notice] 1#1: start worker process 29
2023/08/22 08:51:56 [notice] 1#1: start worker process 30
2023/08/22 08:51:56 [notice] 1#1: start worker process 31
2023/08/22 08:51:56 [notice] 1#1: start worker process 32
2023/08/22 08:51:56 [notice] 1#1: start worker process 33
2023/08/22 08:51:56 [notice] 1#1: start worker process 34
2023/08/22 08:51:56 [notice] 1#1: start worker process 35
2023/08/22 08:51:56 [notice] 1#1: start worker process 36
2023/08/22 08:51:56 [notice] 1#1: start worker process 37
2023/08/22 08:51:56 [notice] 1#1: start worker process 38
2023/08/22 08:51:56 [notice] 1#1: start worker process 39
2023/08/22 08:51:56 [notice] 1#1: start worker process 40
2023/08/22 08:51:56 [notice] 1#1: start worker process 41
2023/08/22 08:51:56 [notice] 1#1: start worker process 42
2023/08/22 08:51:56 [notice] 1#1: start worker process 43
2023/08/22 09:53:08 [notice] 1#1: signal 3 (SIGQUIT) received, shutting down
2023/08/22 09:53:08 [notice] 30#30: gracefully shutting down
2023/08/22 09:53:08 [notice] 32#32: gracefully shutting down
2023/08/22 09:53:08 [notice] 28#28: gracefully shutting down
2023/08/22 09:53:08 [notice] 34#34: gracefully shutting down
2023/08/22 09:53:08 [notice] 34#34: exiting
2023/08/22 09:53:08 [notice] 31#31: gracefully shutting down
2023/08/22 09:53:08 [notice] 36#36: gracefully shutting down
2023/08/22 09:53:08 [notice] 41#41: gracefully shutting down
2023/08/22 09:53:08 [notice] 39#39: gracefully shutting down
2023/08/22 09:53:08 [notice] 39#39: exiting
2023/08/22 09:53:08 [notice] 31#31: exiting
2023/08/22 09:53:08 [notice] 35#35: gracefully shutting down
2023/08/22 09:53:08 [notice] 35#35: exiting
2023/08/22 09:53:08 [notice] 32#32: exiting
2023/08/22 09:53:08 [notice] 30#30: exiting
2023/08/22 09:53:08 [notice] 33#33: gracefully shutting down
2023/08/22 09:53:08 [notice] 28#28: exiting
2023/08/22 09:53:08 [notice] 37#37: gracefully shutting down
2023/08/22 09:53:08 [notice] 29#29: gracefully shutting down
2023/08/22 09:53:08 [notice] 36#36: exiting
2023/08/22 09:53:08 [notice] 41#41: exiting
2023/08/22 09:53:08 [notice] 33#33: exiting
2023/08/22 09:53:08 [notice] 32#32: exit
2023/08/22 09:53:08 [notice] 41#41: exit
2023/08/22 09:53:08 [notice] 30#30: exit
2023/08/22 09:53:08 [notice] 39#39: exit
2023/08/22 09:53:08 [notice] 28#28: exit
2023/08/22 09:53:08 [notice] 35#35: exit
2023/08/22 09:53:08 [notice] 31#31: exit
2023/08/22 09:53:08 [notice] 36#36: exit
2023/08/22 09:53:08 [notice] 34#34: exit
2023/08/22 09:53:08 [notice] 33#33: exit
2023/08/22 09:53:08 [notice] 42#42: gracefully shutting down
2023/08/22 09:53:08 [notice] 37#37: exiting
2023/08/22 09:53:08 [notice] 37#37: exit
2023/08/22 09:53:08 [notice] 38#38: gracefully shutting down
2023/08/22 09:53:08 [notice] 29#29: exiting
2023/08/22 09:53:08 [notice] 38#38: exiting
2023/08/22 09:53:08 [notice] 42#42: exiting
2023/08/22 09:53:08 [notice] 42#42: exit
2023/08/22 09:53:08 [notice] 38#38: exit
2023/08/22 09:53:08 [notice] 29#29: exit
2023/08/22 09:53:08 [notice] 43#43: gracefully shutting down
2023/08/22 09:53:08 [notice] 40#40: gracefully shutting down
2023/08/22 09:53:08 [notice] 40#40: exiting
2023/08/22 09:53:08 [notice] 40#40: exit
2023/08/22 09:53:08 [notice] 43#43: exiting
2023/08/22 09:53:08 [notice] 43#43: exit
2023/08/22 09:53:08 [notice] 1#1: signal 17 (SIGCHLD) received from 28
2023/08/22 09:53:08 [notice] 1#1: worker process 28 exited with code 0
2023/08/22 09:53:08 [notice] 1#1: signal 29 (SIGIO) received
2023/08/22 09:53:08 [notice] 1#1: signal 17 (SIGCHLD) received from 38
2023/08/22 09:53:08 [notice] 1#1: worker process 30 exited with code 0
2023/08/22 09:53:08 [notice] 1#1: worker process 32 exited with code 0
2023/08/22 09:53:08 [notice] 1#1: worker process 33 exited with code 0
2023/08/22 09:53:08 [notice] 1#1: worker process 38 exited with code 0
2023/08/22 09:53:08 [notice] 1#1: worker process 36 exited with code 0
2023/08/22 09:53:08 [notice] 1#1: worker process 39 exited with code 0
2023/08/22 09:53:08 [notice] 1#1: worker process 41 exited with code 0
2023/08/22 09:53:08 [notice] 1#1: worker process 43 exited with code 0
2023/08/22 09:53:08 [notice] 1#1: signal 29 (SIGIO) received
2023/08/22 09:53:08 [notice] 1#1: signal 17 (SIGCHLD) received from 39
2023/08/22 09:53:08 [notice] 1#1: worker process 34 exited with code 0
2023/08/22 09:53:08 [notice] 1#1: signal 29 (SIGIO) received
2023/08/22 09:53:08 [notice] 1#1: signal 17 (SIGCHLD) received from 34
2023/08/22 09:53:08 [notice] 1#1: signal 17 (SIGCHLD) received from 29
2023/08/22 09:53:08 [notice] 1#1: worker process 29 exited with code 0
2023/08/22 09:53:08 [notice] 1#1: signal 29 (SIGIO) received
2023/08/22 09:53:08 [notice] 1#1: signal 17 (SIGCHLD) received from 35
2023/08/22 09:53:08 [notice] 1#1: worker process 31 exited with code 0
2023/08/22 09:53:08 [notice] 1#1: worker process 35 exited with code 0
2023/08/22 09:53:08 [notice] 1#1: signal 29 (SIGIO) received
2023/08/22 09:53:08 [notice] 1#1: signal 17 (SIGCHLD) received from 40
2023/08/22 09:53:08 [notice] 1#1: worker process 40 exited with code 0
2023/08/22 09:53:08 [notice] 1#1: signal 29 (SIGIO) received
2023/08/22 09:53:08 [notice] 1#1: signal 17 (SIGCHLD) received from 42
2023/08/22 09:53:08 [notice] 1#1: worker process 37 exited with code 0
2023/08/22 09:53:08 [notice] 1#1: worker process 42 exited with code 0
2023/08/22 09:53:08 [notice] 1#1: exit
2023/08/27 10:58:23 [notice] 1#1: using the "epoll" event method
2023/08/27 10:58:23 [notice] 1#1: nginx/1.25.2
2023/08/27 10:58:23 [notice] 1#1: built by gcc 12.2.0 (Debian 12.2.0-14) 
2023/08/27 10:58:23 [notice] 1#1: OS: Linux 5.15.49-linuxkit-pr
2023/08/27 10:58:23 [notice] 1#1: getrlimit(RLIMIT_NOFILE): 1048576:1048576
2023/08/27 10:58:23 [notice] 1#1: start worker processes
2023/08/27 10:58:23 [notice] 1#1: start worker process 28
2023/08/27 10:58:23 [notice] 1#1: start worker process 29
2023/08/27 10:58:23 [notice] 1#1: start worker process 30
2023/08/27 10:58:23 [notice] 1#1: start worker process 31
2023/08/27 10:58:23 [notice] 1#1: start worker process 32
2023/08/27 10:58:23 [notice] 1#1: start worker process 33
2023/08/27 10:58:23 [notice] 1#1: start worker process 34
2023/08/27 10:58:23 [notice] 1#1: start worker process 35
